nohup: ignoring input
Argument 1 is: myTestCases/test06.txt
Argument 2 is: output/test06.bmp
parse done
SPPMing ...
SPPM Iteration= 0
photon map set up
Sampling=1/1440
Sampling=2/1440
Sampling=3/1440
Sampling=4/1440
Sampling=5/1440
Sampling=6/1440
Sampling=7/1440
Sampling=8/1440
Sampling=9/1440
Sampling=10/1440
Sampling=11/1440
Sampling=12/1440
Sampling=13/1440
Sampling=14/1440
Sampling=15/1440
Sampling=16/1440
Sampling=17/1440
Sampling=18/1440
Sampling=19/1440
Sampling=20/1440
Sampling=21/1440
Sampling=22/1440
Sampling=23/1440
Sampling=24/1440
Sampling=25/1440
Sampling=26/1440
Sampling=27/1440
Sampling=28/1440
Sampling=29/1440
Sampling=30/1440
Sampling=31/1440
Sampling=32/1440
Sampling=33/1440
Sampling=34/1440
Sampling=35/1440
Sampling=36/1440
Sampling=37/1440
Sampling=38/1440
Sampling=39/1440
Sampling=40/1440
Sampling=41/1440
Sampling=42/1440
Sampling=43/1440
Sampling=44/1440
Sampling=45/1440
Sampling=46/1440
Sampling=47/1440
Sampling=48/1440
Sampling=49/1440
Sampling=50/1440
Sampling=51/1440
Sampling=52/1440
Sampling=53/1440
Sampling=54/1440
Sampling=55/1440
Sampling=56/1440
Sampling=57/1440
Sampling=58/1440
Sampling=59/1440
Sampling=60/1440
Sampling=61/1440
Sampling=62/1440
Sampling=63/1440
Sampling=64/1440
Sampling=65/1440
Sampling=66/1440
Sampling=67/1440
Sampling=68/1440
Sampling=69/1440
Sampling=70/1440
Sampling=71/1440
Sampling=72/1440
Sampling=73/1440
Sampling=74/1440
Sampling=75/1440
Sampling=76/1440
Sampling=77/1440
Sampling=78/1440
Sampling=79/1440
Sampling=80/1440
Sampling=81/1440
Sampling=82/1440
Sampling=83/1440
Sampling=84/1440
Sampling=85/1440
Sampling=86/1440
Sampling=87/1440
Sampling=88/1440
Sampling=89/1440
Sampling=90/1440
Sampling=91/1440
Sampling=92/1440
Sampling=93/1440
Sampling=94/1440
Sampling=95/1440
Sampling=96/1440
Sampling=97/1440
Sampling=98/1440
Sampling=99/1440
Sampling=100/1440
Sampling=101/1440
Sampling=102/1440
Sampling=103/1440
Sampling=104/1440
Sampling=105/1440
Sampling=106/1440
Sampling=107/1440
Sampling=108/1440
Sampling=109/1440
Sampling=110/1440
Sampling=111/1440
Sampling=112/1440
Sampling=113/1440
Sampling=114/1440
Sampling=115/1440
Sampling=116/1440
Sampling=117/1440
Sampling=118/1440
Sampling=119/1440
Sampling=120/1440
Sampling=121/1440
Sampling=122/1440
Sampling=123/1440
Sampling=124/1440
Sampling=125/1440
Sampling=126/1440
Sampling=127/1440
Sampling=128/1440
Sampling=129/1440
Sampling=130/1440
Sampling=131/1440
Sampling=132/1440
Sampling=133/1440
Sampling=134/1440
Sampling=135/1440
Sampling=136/1440
Sampling=137/1440
Sampling=138/1440
Sampling=139/1440
Sampling=140/1440
Sampling=141/1440
Sampling=142/1440
Sampling=143/1440
Sampling=144/1440
Sampling=145/1440
Sampling=146/1440
Sampling=147/1440
Sampling=148/1440
Sampling=149/1440
Sampling=150/1440
Sampling=151/1440
Sampling=152/1440
Sampling=153/1440
Sampling=154/1440
Sampling=155/1440
Sampling=156/1440
Sampling=157/1440
Sampling=158/1440
Sampling=159/1440
Sampling=160/1440
Sampling=161/1440
Sampling=162/1440
Sampling=163/1440
Sampling=164/1440
Sampling=165/1440
Sampling=166/1440
Sampling=167/1440
Sampling=168/1440
Sampling=169/1440
Sampling=170/1440
Sampling=171/1440
Sampling=172/1440
Sampling=173/1440
Sampling=174/1440
Sampling=175/1440
Sampling=176/1440
Sampling=177/1440
Sampling=178/1440
Sampling=179/1440
Sampling=180/1440
Sampling=181/1440
Sampling=182/1440
Sampling=183/1440
Sampling=184/1440
Sampling=185/1440
Sampling=186/1440
Sampling=187/1440
Sampling=188/1440
Sampling=189/1440
Sampling=190/1440
Sampling=191/1440
Sampling=192/1440
Sampling=193/1440
Sampling=194/1440
Sampling=195/1440
Sampling=196/1440
Sampling=197/1440
Sampling=198/1440
Sampling=199/1440
Sampling=200/1440
Sampling=201/1440
Sampling=202/1440
Sampling=203/1440
Sampling=204/1440
Sampling=205/1440
Sampling=206/1440
Sampling=207/1440
Sampling=208/1440
Sampling=209/1440
Sampling=210/1440
Sampling=211/1440
Sampling=212/1440
Sampling=213/1440
Sampling=214/1440
Sampling=215/1440
Sampling=216/1440
Sampling=217/1440
Sampling=218/1440
Sampling=219/1440
Sampling=220/1440
Sampling=221/1440
Sampling=222/1440
Sampling=223/1440
Sampling=224/1440
Sampling=225/1440
Sampling=226/1440
Sampling=227/1440
Sampling=228/1440
Sampling=229/1440
Sampling=230/1440
Sampling=231/1440
Sampling=232/1440
Sampling=233/1440
Sampling=234/1440
Sampling=235/1440
Sampling=236/1440
Sampling=237/1440
Sampling=238/1440
Sampling=239/1440
Sampling=240/1440
Sampling=241/1440
Sampling=242/1440
Sampling=243/1440
Sampling=244/1440
Sampling=245/1440
Sampling=246/1440
Sampling=247/1440
Sampling=248/1440
Sampling=249/1440
Sampling=250/1440
Sampling=251/1440
Sampling=252/1440
Sampling=253/1440
Sampling=254/1440
Sampling=255/1440
Sampling=256/1440
Sampling=257/1440
Sampling=258/1440
Sampling=259/1440
Sampling=260/1440
Sampling=261/1440
Sampling=262/1440
Sampling=263/1440
Sampling=264/1440
Sampling=265/1440
Sampling=266/1440
Sampling=267/1440
Sampling=268/1440
Sampling=269/1440
Sampling=270/1440
Sampling=271/1440
Sampling=272/1440
Sampling=273/1440
Sampling=274/1440
Sampling=275/1440
Sampling=276/1440
Sampling=277/1440
Sampling=278/1440
Sampling=279/1440
Sampling=280/1440
Sampling=281/1440
Sampling=282/1440
Sampling=283/1440
Sampling=284/1440
Sampling=285/1440
Sampling=286/1440
Sampling=287/1440
Sampling=288/1440
Sampling=289/1440
Sampling=290/1440
Sampling=291/1440
Sampling=292/1440
Sampling=293/1440
Sampling=294/1440
Sampling=295/1440
Sampling=296/1440
Sampling=297/1440
Sampling=298/1440
Sampling=299/1440
Sampling=300/1440
Sampling=301/1440
Sampling=302/1440
Sampling=303/1440
Sampling=304/1440
Sampling=305/1440
Sampling=306/1440
Sampling=307/1440
Sampling=308/1440
Sampling=309/1440
Sampling=310/1440
Sampling=311/1440
Sampling=312/1440
Sampling=313/1440
Sampling=314/1440
Sampling=315/1440
Sampling=316/1440
Sampling=317/1440
Sampling=318/1440
Sampling=319/1440
Sampling=320/1440
Sampling=321/1440
Sampling=322/1440
Sampling=323/1440
Sampling=324/1440
Sampling=325/1440
Sampling=326/1440
Sampling=327/1440
Sampling=328/1440
Sampling=329/1440
Sampling=330/1440
Sampling=331/1440
Sampling=332/1440
Sampling=333/1440
Sampling=334/1440
Sampling=335/1440
Sampling=336/1440
Sampling=337/1440
Sampling=338/1440
Sampling=339/1440
Sampling=340/1440
Sampling=341/1440
Sampling=342/1440
Sampling=343/1440
Sampling=344/1440
Sampling=345/1440
Sampling=346/1440
Sampling=347/1440
Sampling=348/1440
Sampling=349/1440
Sampling=350/1440
Sampling=351/1440
Sampling=352/1440
Sampling=353/1440
Sampling=354/1440
Sampling=355/1440
Sampling=356/1440
Sampling=357/1440
Sampling=358/1440
Sampling=359/1440
Sampling=360/1440
Sampling=361/1440
Sampling=362/1440
Sampling=363/1440
Sampling=364/1440
Sampling=365/1440
Sampling=366/1440
Sampling=367/1440
Sampling=368/1440
Sampling=369/1440
Sampling=370/1440
Sampling=371/1440
Sampling=372/1440
Sampling=373/1440
Sampling=374/1440
Sampling=375/1440
Sampling=376/1440
Sampling=377/1440
Sampling=378/1440
Sampling=379/1440
Sampling=380/1440
Sampling=381/1440
Sampling=382/1440
Sampling=383/1440
Sampling=384/1440
Sampling=385/1440
Sampling=386/1440
Sampling=387/1440
Sampling=388/1440
Sampling=389/1440
Sampling=390/1440
Sampling=391/1440
Sampling=392/1440
Sampling=393/1440
Sampling=394/1440
Sampling=395/1440
Sampling=396/1440
Sampling=397/1440
Sampling=398/1440
Sampling=399/1440
Sampling=400/1440
Sampling=401/1440
Sampling=402/1440
Sampling=403/1440
Sampling=404/1440
Sampling=405/1440
Sampling=406/1440
Sampling=407/1440
Sampling=408/1440
Sampling=409/1440
Sampling=410/1440
Sampling=411/1440
Sampling=412/1440
Sampling=413/1440
Sampling=414/1440
Sampling=415/1440
Sampling=416/1440
Sampling=417/1440
Sampling=418/1440
Sampling=419/1440
Sampling=420/1440
Sampling=421/1440
Sampling=422/1440
Sampling=423/1440
Sampling=424/1440
Sampling=425/1440
Sampling=426/1440
Sampling=427/1440
Sampling=428/1440
Sampling=429/1440
Sampling=430/1440
Sampling=431/1440
Sampling=432/1440
Sampling=433/1440
Sampling=434/1440
Sampling=435/1440
Sampling=436/1440
Sampling=437/1440
Sampling=438/1440
Sampling=439/1440
Sampling=440/1440
Sampling=441/1440
Sampling=442/1440
Sampling=443/1440
Sampling=444/1440
Sampling=445/1440
Sampling=446/1440
Sampling=447/1440
Sampling=448/1440
Sampling=449/1440
Sampling=450/1440
Sampling=451/1440
Sampling=452/1440
Sampling=453/1440
Sampling=454/1440
Sampling=455/1440
Sampling=456/1440
Sampling=457/1440
Sampling=458/1440
Sampling=459/1440
Sampling=460/1440
Sampling=461/1440
Sampling=462/1440
Sampling=463/1440
Sampling=464/1440
Sampling=465/1440
Sampling=466/1440
Sampling=467/1440
Sampling=468/1440
Sampling=469/1440
Sampling=470/1440
Sampling=471/1440
Sampling=472/1440
Sampling=473/1440
Sampling=474/1440
Sampling=475/1440
Sampling=476/1440
Sampling=477/1440
Sampling=478/1440
Sampling=479/1440
Sampling=480/1440
Sampling=481/1440
Sampling=482/1440
Sampling=483/1440
Sampling=484/1440
Sampling=485/1440
Sampling=486/1440
Sampling=487/1440
Sampling=488/1440
Sampling=489/1440
Sampling=490/1440
Sampling=491/1440
Sampling=492/1440
Sampling=493/1440
Sampling=494/1440
Sampling=495/1440
Sampling=496/1440
Sampling=497/1440
Sampling=498/1440
Sampling=499/1440
Sampling=500/1440
Sampling=501/1440
Sampling=502/1440
Sampling=503/1440
Sampling=504/1440
Sampling=505/1440
Sampling=506/1440
Sampling=507/1440
Sampling=508/1440
Sampling=509/1440
Sampling=510/1440
Sampling=511/1440
Sampling=512/1440
Sampling=513/1440
Sampling=514/1440
Sampling=515/1440
Sampling=516/1440
Sampling=517/1440
Sampling=518/1440
Sampling=519/1440
Sampling=520/1440
Sampling=521/1440
Sampling=522/1440
Sampling=523/1440
Sampling=524/1440
Sampling=525/1440
Sampling=526/1440
Sampling=527/1440
Sampling=528/1440
Sampling=529/1440
Sampling=530/1440
Sampling=531/1440
Sampling=532/1440
Sampling=533/1440
Sampling=534/1440
Sampling=535/1440
Sampling=536/1440
Sampling=537/1440
Sampling=538/1440
Sampling=539/1440
Sampling=540/1440
Sampling=541/1440
Sampling=542/1440
Sampling=543/1440
Sampling=544/1440
Sampling=545/1440
Sampling=546/1440
Sampling=547/1440
Sampling=548/1440
Sampling=549/1440
Sampling=550/1440
Sampling=551/1440
Sampling=552/1440
Sampling=553/1440
Sampling=554/1440
Sampling=555/1440
Sampling=556/1440
Sampling=557/1440
Sampling=558/1440
Sampling=559/1440
Sampling=560/1440
Sampling=561/1440
Sampling=562/1440
Sampling=563/1440
Sampling=564/1440
Sampling=565/1440
Sampling=566/1440
Sampling=567/1440
Sampling=568/1440
Sampling=569/1440
Sampling=570/1440
Sampling=571/1440
Sampling=572/1440
Sampling=573/1440
Sampling=574/1440
Sampling=575/1440
Sampling=576/1440
Sampling=577/1440
Sampling=578/1440
Sampling=579/1440
Sampling=580/1440
Sampling=581/1440
Sampling=582/1440
Sampling=583/1440
Sampling=584/1440
Sampling=585/1440
Sampling=586/1440
Sampling=587/1440
Sampling=588/1440
Sampling=589/1440
Sampling=590/1440
Sampling=591/1440
Sampling=592/1440
Sampling=593/1440
Sampling=594/1440
Sampling=595/1440
Sampling=596/1440
Sampling=597/1440
Sampling=598/1440
Sampling=599/1440
Sampling=600/1440
Sampling=601/1440
Sampling=602/1440
Sampling=603/1440
Sampling=604/1440
Sampling=605/1440
Sampling=606/1440
Sampling=607/1440
Sampling=608/1440
Sampling=609/1440
Sampling=610/1440
Sampling=611/1440
Sampling=612/1440
Sampling=613/1440
Sampling=614/1440
Sampling=615/1440
Sampling=616/1440
Sampling=617/1440
Sampling=618/1440
Sampling=619/1440
Sampling=620/1440
Sampling=621/1440
Sampling=622/1440
Sampling=623/1440
Sampling=624/1440
Sampling=625/1440
Sampling=626/1440
Sampling=627/1440
Sampling=628/1440
Sampling=629/1440
Sampling=630/1440
Sampling=631/1440
Sampling=632/1440
Sampling=633/1440
Sampling=634/1440
Sampling=635/1440
Sampling=636/1440
Sampling=637/1440
Sampling=638/1440
Sampling=639/1440
Sampling=640/1440
Sampling=641/1440
Sampling=642/1440
Sampling=643/1440
Sampling=644/1440
Sampling=645/1440
Sampling=646/1440
Sampling=647/1440
Sampling=648/1440
Sampling=649/1440
Sampling=650/1440
Sampling=651/1440
Sampling=652/1440
Sampling=653/1440
Sampling=654/1440
Sampling=655/1440
Sampling=656/1440
Sampling=657/1440
Sampling=658/1440
Sampling=659/1440
Sampling=660/1440
Sampling=661/1440
Sampling=662/1440
Sampling=663/1440
Sampling=664/1440
Sampling=665/1440
Sampling=666/1440
Sampling=667/1440
Sampling=668/1440
Sampling=669/1440
Sampling=670/1440
Sampling=671/1440
Sampling=672/1440
Sampling=673/1440
Sampling=674/1440
Sampling=675/1440
Sampling=676/1440
Sampling=677/1440
Sampling=678/1440
Sampling=679/1440
Sampling=680/1440
Sampling=681/1440
Sampling=682/1440
Sampling=683/1440
Sampling=684/1440
Sampling=685/1440
Sampling=686/1440
Sampling=687